Building DAG of jobs...
Using shell: /bin/bash
Provided cluster nodes: 65
Job counts:
	count	jobs
	1	flash_all
	1	run_flash_greedy
	2

[Thu Feb 14 22:18:20 2019]
rule run_flash_greedy:
    input: data/datasets/hoa_global_ld/HumanOriginsPublic2068_maf_geno_ldprune.bed
    output: output/flash_greedy/hoa_global_ld/HumanOriginsPublic2068_maf_geno_ldprune.rds
    jobid: 1
    wildcards: dataset=hoa_global_ld, prefix=HumanOriginsPublic2068_maf_geno_ldprune

Submitted job 1 with external jobid 'Submitted batch job 57577495'.
[Thu Feb 14 22:31:41 2019]
Finished job 1.
1 of 2 steps (50%) done

[Thu Feb 14 22:31:41 2019]
localrule flash_all:
    input: output/flash_greedy/hoa_global_ld/HumanOriginsPublic2068_maf_geno_ldprune.rds
    jobid: 0

[Thu Feb 14 22:31:41 2019]
Finished job 0.
2 of 2 steps (100%) done
Complete log: /project/jnovembre/jhmarcus/drift-workflow/.snakemake/log/2019-02-14T221820.540602.snakemake.log
