Building DAG of jobs...
Using shell: /bin/bash
Provided cores: 1
Rules claiming more threads will be scaled down.
Job counts:
	count	jobs
	1	run_flash_backfit
	1

[Fri Feb 15 10:35:01 2019]
rule run_flash_backfit:
    input: data/datasets/hoa_global_ld/HumanOriginsPublic2068_maf_geno_ldprune.bed, output/flash_greedy/hoa_global_ld/HumanOriginsPublic2068_maf_geno_ldprune.rds
    output: output/flash_backfit/hoa_global_ld/HumanOriginsPublic2068_maf_geno_ldprune.rds
    jobid: 0
    wildcards: dataset=hoa_global_ld, prefix=HumanOriginsPublic2068_maf_geno_ldprune

/project/jnovembre/jhmarcus/src/miniconda3/envs/drift_e/lib/python3.6/site-packages/rpy2/rinterface/__init__.py:146: RRuntimeWarning: Loading .Rprofile for the current workflowr project

  warnings.warn(x, RRuntimeWarning)
/project/jnovembre/jhmarcus/src/miniconda3/envs/drift_e/lib/python3.6/site-packages/rpy2/rinterface/__init__.py:146: RRuntimeWarning: This is workflowr version 1.1.1
Run ?workflowr for help getting started

  warnings.warn(x, RRuntimeWarning)
[Fri Feb 15 16:17:49 2019]
Finished job 0.
1 of 1 steps (100%) done
['output/flash_greedy/hoa_global/HumanOriginsPublic2068_maf_geno.rds', 'output/flash_greedy/hoa_weurasia_ld/HumanOriginsPublic2068_weurasia_maf_geno_ldprune.rds', 'output/flash_greedy/hoa_global_ld/HumanOriginsPublic2068_maf_geno_ldprune.rds', 'output/flash_greedy/hoa_weurasia/HumanOriginsPublic2068_weurasia_maf_geno.rds']
['output/flash_backfit/hoa_global/HumanOriginsPublic2068_maf_geno.rds', 'output/flash_backfit/hoa_weurasia_ld/HumanOriginsPublic2068_weurasia_maf_geno_ldprune.rds', 'output/flash_backfit/hoa_global_ld/HumanOriginsPublic2068_maf_geno_ldprune.rds', 'output/flash_backfit/hoa_weurasia/HumanOriginsPublic2068_weurasia_maf_geno.rds']
[1]
 "reading in 2068 individuals"


[1]
 "reading in 167178 snps"


[1]
 "snp major mode"


[1]
 "reading snp 20000"


[1]
 "reading snp 40000"


[1]
 "reading snp 60000"


[1]
 "reading snp 80000"


[1]
 "reading snp 100000"


[1]
 "reading snp 120000"


[1]
 "reading snp 140000"


[1]
 "reading snp 160000"


Initializing flash object...

Backfitting
 
31
 
factors...

Nullchecking
 
30
 
factors...

Wrapping up...

Done.

